#-----------------------------------------------------------
# Vivado v2018.3 (64-bit)
# SW Build 2405991 on Thu Dec  6 23:38:27 MST 2018
# IP Build 2404404 on Fri Dec  7 01:43:56 MST 2018
# Start of session at: Mon Nov  4 16:31:12 2019
# Process ID: 32084
# Current directory: N:/Lab10/Lab9
# Command line: vivado.exe -gui_launcher_event rodinguilauncherevent28008 N:\Lab10\Lab9\Lab9.xpr
# Log file: N:/Lab10/Lab9/vivado.log
# Journal file: N:/Lab10/Lab9\vivado.jou
#-----------------------------------------------------------
start_gui
open_project N:/Lab10/Lab9/Lab9.xpr
INFO: [Project 1-313] Project file moved from 'D:/Lab10/Lab9' since last save.
Scanning sources...
Finished scanning sources
INFO: [IP_Flow 19-234] Refreshing IP repositories
INFO: [IP_Flow 19-1700] Loaded user IP repository 'n:/lab8/ip/vivado-library'.
INFO: [IP_Flow 19-2313] Loaded Vivado IP repository 'C:/Xilinx/Vivado/2018.3/data/ip'.
WARNING: [BD 41-1661] One or more IPs have been locked in the design 'design_1.bd'. Please run report_ip_status for more details and recommendations on how to fix this issue.
List of locked IPs:
design_1_clk_wiz_0_0
design_1_rst_ps7_0_50M_2

INFO: [Project 1-230] Project 'Lab9.xpr' upgraded for this version of Vivado.
open_project: Time (s): cpu = 00:00:16 ; elapsed = 00:00:16 . Memory (MB): peak = 850.117 ; gain = 250.105
update_compile_order -fileset sources_1
reset_run synth_1
reset_run design_1_processing_system7_0_0_synth_1
launch_runs impl_1 -to_step write_bitstream -jobs 6
WARNING: [Vivado 12-4801] The synthesis checkpoint for IP 'N:/Lab10/Lab9/Lab9.srcs/sources_1/bd/design_1/ip/design_1_processing_system7_0_0/design_1_processing_system7_0_0.xci' is available but stale and the IP is locked. An out-of-context (OOC) run will be created and/or launched, but synthesis may not be able to complete or could result in incorrect behavior.
Please select 'Report IP Status' from the 'Tools/Report' menu or run Tcl command 'report_ip_status' for more information.
[Mon Nov  4 16:32:37 2019] Launched design_1_processing_system7_0_0_synth_1, synth_1...
Run output will be captured here:
design_1_processing_system7_0_0_synth_1: N:/Lab10/Lab9/Lab9.runs/design_1_processing_system7_0_0_synth_1/runme.log
synth_1: N:/Lab10/Lab9/Lab9.runs/synth_1/runme.log
[Mon Nov  4 16:32:37 2019] Launched impl_1...
Run output will be captured here: N:/Lab10/Lab9/Lab9.runs/impl_1/runme.log
launch_runs: Time (s): cpu = 00:00:01 ; elapsed = 00:00:09 . Memory (MB): peak = 1005.840 ; gain = 0.000
open_run synth_1 -name synth_1
Design is defaulting to impl run constrset: constrs_1
Design is defaulting to synth run part: xc7z010clg400-1
INFO: [Project 1-454] Reading design checkpoint 'n:/Lab10/Lab9/Lab9.srcs/sources_1/bd/design_1/ip/design_1_Top_0_0/design_1_Top_0_0.dcp' for cell 'design_1_i/Top_0'
INFO: [Project 1-454] Reading design checkpoint 'n:/Lab10/Lab9/Lab9.srcs/sources_1/bd/design_1/ip/design_1_clk_wiz_0_0/design_1_clk_wiz_0_0.dcp' for cell 'design_1_i/clk_wiz_0'
INFO: [Project 1-454] Reading design checkpoint 'n:/Lab10/Lab9/Lab9.srcs/sources_1/bd/design_1/ip/design_1_processing_system7_0_0/design_1_processing_system7_0_0.dcp' for cell 'design_1_i/processing_system7_0'
INFO: [Project 1-454] Reading design checkpoint 'n:/Lab10/Lab9/Lab9.srcs/sources_1/bd/design_1/ip/design_1_rgb2dvi_0_0/design_1_rgb2dvi_0_0.dcp' for cell 'design_1_i/rgb2dvi_0'
INFO: [Project 1-454] Reading design checkpoint 'n:/Lab10/Lab9/Lab9.srcs/sources_1/bd/design_1/ip/design_1_rst_ps7_0_50M_2/design_1_rst_ps7_0_50M_2.dcp' for cell 'design_1_i/rst_ps7_0_50M'
INFO: [Netlist 29-17] Analyzing 7 Unisim elements for replacement
INFO: [Netlist 29-28] Unisim Transformation completed in 0 CPU seconds
INFO: [Project 1-479] Netlist was created with Vivado 2018.1
INFO: [Device 21-403] Loading part xc7z010clg400-1
INFO: [Project 1-570] Preparing netlist for logic optimization
WARNING: [Opt 31-32] Removing redundant IBUF since it is not being driven by a top-level port. design_1_i/clk_wiz_0/inst/clkin1_ibufg 
Resolution: The tool has removed redundant IBUF. To resolve this warning, check for redundant IBUF in the input design.
WARNING: [Constraints 18-550] Could not create 'IBUF_LOW_PWR' constraint because net 'design_1_i/clk_wiz_0/clk_in1' is not directly connected to top level port. Synthesis is ignored for IBUF_LOW_PWR but preserved for implementation.
Parsing XDC File [n:/Lab10/Lab9/Lab9.srcs/sources_1/bd/design_1/ip/design_1_clk_wiz_0_0/design_1_clk_wiz_0_0_board.xdc] for cell 'design_1_i/clk_wiz_0/inst'
Finished Parsing XDC File [n:/Lab10/Lab9/Lab9.srcs/sources_1/bd/design_1/ip/design_1_clk_wiz_0_0/design_1_clk_wiz_0_0_board.xdc] for cell 'design_1_i/clk_wiz_0/inst'
Parsing XDC File [n:/Lab10/Lab9/Lab9.srcs/sources_1/bd/design_1/ip/design_1_clk_wiz_0_0/design_1_clk_wiz_0_0.xdc] for cell 'design_1_i/clk_wiz_0/inst'
INFO: [Timing 38-35] Done setting XDC timing constraints. [n:/Lab10/Lab9/Lab9.srcs/sources_1/bd/design_1/ip/design_1_clk_wiz_0_0/design_1_clk_wiz_0_0.xdc:57]
INFO: [Timing 38-2] Deriving generated clocks [n:/Lab10/Lab9/Lab9.srcs/sources_1/bd/design_1/ip/design_1_clk_wiz_0_0/design_1_clk_wiz_0_0.xdc:57]
get_clocks: Time (s): cpu = 00:00:07 ; elapsed = 00:00:07 . Memory (MB): peak = 1760.273 ; gain = 431.270
Finished Parsing XDC File [n:/Lab10/Lab9/Lab9.srcs/sources_1/bd/design_1/ip/design_1_clk_wiz_0_0/design_1_clk_wiz_0_0.xdc] for cell 'design_1_i/clk_wiz_0/inst'
Parsing XDC File [n:/Lab10/Lab9/Lab9.srcs/sources_1/bd/design_1/ip/design_1_rgb2dvi_0_0/src/rgb2dvi.xdc] for cell 'design_1_i/rgb2dvi_0/U0'
Finished Parsing XDC File [n:/Lab10/Lab9/Lab9.srcs/sources_1/bd/design_1/ip/design_1_rgb2dvi_0_0/src/rgb2dvi.xdc] for cell 'design_1_i/rgb2dvi_0/U0'
Parsing XDC File [n:/Lab10/Lab9/Lab9.srcs/sources_1/bd/design_1/ip/design_1_processing_system7_0_0/design_1_processing_system7_0_0.xdc] for cell 'design_1_i/processing_system7_0/inst'
Finished Parsing XDC File [n:/Lab10/Lab9/Lab9.srcs/sources_1/bd/design_1/ip/design_1_processing_system7_0_0/design_1_processing_system7_0_0.xdc] for cell 'design_1_i/processing_system7_0/inst'
Parsing XDC File [n:/Lab10/Lab9/Lab9.srcs/sources_1/bd/design_1/ip/design_1_rst_ps7_0_50M_2/design_1_rst_ps7_0_50M_2_board.xdc] for cell 'design_1_i/rst_ps7_0_50M/U0'
Finished Parsing XDC File [n:/Lab10/Lab9/Lab9.srcs/sources_1/bd/design_1/ip/design_1_rst_ps7_0_50M_2/design_1_rst_ps7_0_50M_2_board.xdc] for cell 'design_1_i/rst_ps7_0_50M/U0'
Parsing XDC File [n:/Lab10/Lab9/Lab9.srcs/sources_1/bd/design_1/ip/design_1_rst_ps7_0_50M_2/design_1_rst_ps7_0_50M_2.xdc] for cell 'design_1_i/rst_ps7_0_50M/U0'
Finished Parsing XDC File [n:/Lab10/Lab9/Lab9.srcs/sources_1/bd/design_1/ip/design_1_rst_ps7_0_50M_2/design_1_rst_ps7_0_50M_2.xdc] for cell 'design_1_i/rst_ps7_0_50M/U0'
Parsing XDC File [N:/lab8/src/ZYBO_Z7-10_master.xdc]
WARNING: [Vivado 12-584] No ports matched 'btn[1]'. [N:/lab8/src/ZYBO_Z7-10_master.xdc:21]
CRITICAL WARNING: [Common 17-55] 'set_property' expects at least one object. [N:/lab8/src/ZYBO_Z7-10_master.xdc:21]
Resolution: If [get_<value>] was used to populate the object, check to make sure this command returns at least one valid object.
WARNING: [Vivado 12-584] No ports matched 'btn[0]'. [N:/lab8/src/ZYBO_Z7-10_master.xdc:22]
CRITICAL WARNING: [Common 17-1548] Command failed: invalid command name "Set_property"
 [N:/lab8/src/ZYBO_Z7-10_master.xdc:22]
Finished Parsing XDC File [N:/lab8/src/ZYBO_Z7-10_master.xdc]
Parsing XDC File [n:/Lab10/Lab9/Lab9.srcs/sources_1/bd/design_1/ip/design_1_rgb2dvi_0_0/src/rgb2dvi_clocks.xdc] for cell 'design_1_i/rgb2dvi_0/U0'
Finished Parsing XDC File [n:/Lab10/Lab9/Lab9.srcs/sources_1/bd/design_1/ip/design_1_rgb2dvi_0_0/src/rgb2dvi_clocks.xdc] for cell 'design_1_i/rgb2dvi_0/U0'
INFO: [Opt 31-138] Pushed 0 inverter(s) to 0 load pin(s).
Netlist sorting complete. Time (s): cpu = 00:00:00 ; elapsed = 00:00:00 . Memory (MB): peak = 1774.652 ; gain = 0.000
INFO: [Project 1-111] Unisim Transformation Summary:
No Unisim elements were transformed.

WARNING: [Designutils 20-3303] unexpected site type 'IOPAD' in HDPYFinalizeIO
WARNING: [Designutils 20-3303] unexpected site type 'IOPAD' in HDPYFinalizeIO
WARNING: [Designutils 20-3303] unexpected site type 'IOPAD' in HDPYFinalizeIO
WARNING: [Designutils 20-3303] unexpected site type 'IOPAD' in HDPYFinalizeIO
WARNING: [Designutils 20-3303] unexpected site type 'IOPAD' in HDPYFinalizeIO
WARNING: [Designutils 20-3303] unexpected site type 'IOPAD' in HDPYFinalizeIO
WARNING: [Designutils 20-3303] unexpected site type 'IOPAD' in HDPYFinalizeIO
WARNING: [Designutils 20-3303] unexpected site type 'IOPAD' in HDPYFinalizeIO
WARNING: [Designutils 20-3303] unexpected site type 'IOPAD' in HDPYFinalizeIO
WARNING: [Designutils 20-3303] unexpected site type 'IOPAD' in HDPYFinalizeIO
WARNING: [Designutils 20-3303] unexpected site type 'IOPAD' in HDPYFinalizeIO
WARNING: [Designutils 20-3303] unexpected site type 'IOPAD' in HDPYFinalizeIO
WARNING: [Designutils 20-3303] unexpected site type 'IOPAD' in HDPYFinalizeIO
WARNING: [Designutils 20-3303] unexpected site type 'IOPAD' in HDPYFinalizeIO
WARNING: [Designutils 20-3303] unexpected site type 'IOPAD' in HDPYFinalizeIO
WARNING: [Designutils 20-3303] unexpected site type 'IOPAD' in HDPYFinalizeIO
WARNING: [Designutils 20-3303] unexpected site type 'IOPAD' in HDPYFinalizeIO
WARNING: [Designutils 20-3303] unexpected site type 'IOPAD' in HDPYFinalizeIO
WARNING: [Designutils 20-3303] unexpected site type 'IOPAD' in HDPYFinalizeIO
WARNING: [Designutils 20-3303] unexpected site type 'IOPAD' in HDPYFinalizeIO
WARNING: [Designutils 20-3303] unexpected site type 'IOPAD' in HDPYFinalizeIO
WARNING: [Designutils 20-3303] unexpected site type 'IOPAD' in HDPYFinalizeIO
WARNING: [Designutils 20-3303] unexpected site type 'IOPAD' in HDPYFinalizeIO
WARNING: [Designutils 20-3303] unexpected site type 'IOPAD' in HDPYFinalizeIO
WARNING: [Designutils 20-3303] unexpected site type 'IOPAD' in HDPYFinalizeIO
WARNING: [Designutils 20-3303] unexpected site type 'IOPAD' in HDPYFinalizeIO
WARNING: [Designutils 20-3303] unexpected site type 'IOPAD' in HDPYFinalizeIO
WARNING: [Designutils 20-3303] unexpected site type 'IOPAD' in HDPYFinalizeIO
WARNING: [Designutils 20-3303] unexpected site type 'IOPAD' in HDPYFinalizeIO
WARNING: [Designutils 20-3303] unexpected site type 'IOPAD' in HDPYFinalizeIO
WARNING: [Designutils 20-3303] unexpected site type 'IOPAD' in HDPYFinalizeIO
WARNING: [Designutils 20-3303] unexpected site type 'IOPAD' in HDPYFinalizeIO
WARNING: [Designutils 20-3303] unexpected site type 'IOPAD' in HDPYFinalizeIO
WARNING: [Designutils 20-3303] unexpected site type 'IOPAD' in HDPYFinalizeIO
WARNING: [Designutils 20-3303] unexpected site type 'IOPAD' in HDPYFinalizeIO
WARNING: [Designutils 20-3303] unexpected site type 'IOPAD' in HDPYFinalizeIO
WARNING: [Designutils 20-3303] unexpected site type 'IOPAD' in HDPYFinalizeIO
WARNING: [Designutils 20-3303] unexpected site type 'IOPAD' in HDPYFinalizeIO
WARNING: [Designutils 20-3303] unexpected site type 'IOPAD' in HDPYFinalizeIO
WARNING: [Designutils 20-3303] unexpected site type 'IOPAD' in HDPYFinalizeIO
WARNING: [Designutils 20-3303] unexpected site type 'IOPAD' in HDPYFinalizeIO
WARNING: [Designutils 20-3303] unexpected site type 'IOPAD' in HDPYFinalizeIO
WARNING: [Designutils 20-3303] unexpected site type 'IOPAD' in HDPYFinalizeIO
WARNING: [Designutils 20-3303] unexpected site type 'IOPAD' in HDPYFinalizeIO
WARNING: [Designutils 20-3303] unexpected site type 'IOPAD' in HDPYFinalizeIO
WARNING: [Designutils 20-3303] unexpected site type 'IOPAD' in HDPYFinalizeIO
WARNING: [Designutils 20-3303] unexpected site type 'IOPAD' in HDPYFinalizeIO
WARNING: [Designutils 20-3303] unexpected site type 'IOPAD' in HDPYFinalizeIO
WARNING: [Designutils 20-3303] unexpected site type 'IOPAD' in HDPYFinalizeIO
WARNING: [Designutils 20-3303] unexpected site type 'IOPAD' in HDPYFinalizeIO
WARNING: [Designutils 20-3303] unexpected site type 'IOPAD' in HDPYFinalizeIO
WARNING: [Designutils 20-3303] unexpected site type 'IOPAD' in HDPYFinalizeIO
WARNING: [Designutils 20-3303] unexpected site type 'IOPAD' in HDPYFinalizeIO
WARNING: [Designutils 20-3303] unexpected site type 'IOPAD' in HDPYFinalizeIO
WARNING: [Designutils 20-3303] unexpected site type 'IOPAD' in HDPYFinalizeIO
WARNING: [Designutils 20-3303] unexpected site type 'IOPAD' in HDPYFinalizeIO
WARNING: [Designutils 20-3303] unexpected site type 'IOPAD' in HDPYFinalizeIO
WARNING: [Designutils 20-3303] unexpected site type 'IOPAD' in HDPYFinalizeIO
WARNING: [Designutils 20-3303] unexpected site type 'IOPAD' in HDPYFinalizeIO
WARNING: [Designutils 20-3303] unexpected site type 'IOPAD' in HDPYFinalizeIO
WARNING: [Designutils 20-3303] unexpected site type 'IOPAD' in HDPYFinalizeIO
WARNING: [Designutils 20-3303] unexpected site type 'IOPAD' in HDPYFinalizeIO
WARNING: [Designutils 20-3303] unexpected site type 'IOPAD' in HDPYFinalizeIO
WARNING: [Designutils 20-3303] unexpected site type 'IOPAD' in HDPYFinalizeIO
WARNING: [Designutils 20-3303] unexpected site type 'IOPAD' in HDPYFinalizeIO
WARNING: [Designutils 20-3303] unexpected site type 'IOPAD' in HDPYFinalizeIO
WARNING: [Designutils 20-3303] unexpected site type 'IOPAD' in HDPYFinalizeIO
WARNING: [Designutils 20-3303] unexpected site type 'IOPAD' in HDPYFinalizeIO
WARNING: [Designutils 20-3303] unexpected site type 'IOPAD' in HDPYFinalizeIO
WARNING: [Designutils 20-3303] unexpected site type 'IOPAD' in HDPYFinalizeIO
WARNING: [Designutils 20-3303] unexpected site type 'IOPAD' in HDPYFinalizeIO
WARNING: [Designutils 20-3303] unexpected site type 'IOPAD' in HDPYFinalizeIO
WARNING: [Designutils 20-3303] unexpected site type 'IOPAD' in HDPYFinalizeIO
WARNING: [Designutils 20-3303] unexpected site type 'IOPAD' in HDPYFinalizeIO
WARNING: [Designutils 20-3303] unexpected site type 'IOPAD' in HDPYFinalizeIO
WARNING: [Designutils 20-3303] unexpected site type 'IOPAD' in HDPYFinalizeIO
WARNING: [Designutils 20-3303] unexpected site type 'IOPAD' in HDPYFinalizeIO
WARNING: [Designutils 20-3303] unexpected site type 'IOPAD' in HDPYFinalizeIO
WARNING: [Designutils 20-3303] unexpected site type 'IOPAD' in HDPYFinalizeIO
WARNING: [Designutils 20-3303] unexpected site type 'IOPAD' in HDPYFinalizeIO
WARNING: [Designutils 20-3303] unexpected site type 'IOPAD' in HDPYFinalizeIO
WARNING: [Designutils 20-3303] unexpected site type 'IOPAD' in HDPYFinalizeIO
WARNING: [Designutils 20-3303] unexpected site type 'IOPAD' in HDPYFinalizeIO
WARNING: [Designutils 20-3303] unexpected site type 'IOPAD' in HDPYFinalizeIO
WARNING: [Designutils 20-3303] unexpected site type 'IOPAD' in HDPYFinalizeIO
WARNING: [Designutils 20-3303] unexpected site type 'IOPAD' in HDPYFinalizeIO
WARNING: [Designutils 20-3303] unexpected site type 'IOPAD' in HDPYFinalizeIO
WARNING: [Designutils 20-3303] unexpected site type 'IOPAD' in HDPYFinalizeIO
WARNING: [Designutils 20-3303] unexpected site type 'IOPAD' in HDPYFinalizeIO
WARNING: [Designutils 20-3303] unexpected site type 'IOPAD' in HDPYFinalizeIO
WARNING: [Designutils 20-3303] unexpected site type 'IOPAD' in HDPYFinalizeIO
WARNING: [Designutils 20-3303] unexpected site type 'IOPAD' in HDPYFinalizeIO
WARNING: [Designutils 20-3303] unexpected site type 'IOPAD' in HDPYFinalizeIO
WARNING: [Designutils 20-3303] unexpected site type 'IOPAD' in HDPYFinalizeIO
WARNING: [Designutils 20-3303] unexpected site type 'IOPAD' in HDPYFinalizeIO
WARNING: [Designutils 20-3303] unexpected site type 'IOPAD' in HDPYFinalizeIO
WARNING: [Designutils 20-3303] unexpected site type 'IOPAD' in HDPYFinalizeIO
WARNING: [Designutils 20-3303] unexpected site type 'IOPAD' in HDPYFinalizeIO
WARNING: [Designutils 20-3303] unexpected site type 'IOPAD' in HDPYFinalizeIO
WARNING: [Designutils 20-3303] unexpected site type 'IOPAD' in HDPYFinalizeIO
INFO: [Common 17-14] Message 'Designutils 20-3303' appears 100 times and further instances of the messages will be disabled. Use the Tcl command set_msg_config to change the current settings.
open_run: Time (s): cpu = 00:00:22 ; elapsed = 00:00:20 . Memory (MB): peak = 1836.051 ; gain = 507.047
reset_run synth_1
launch_runs impl_1 -to_step write_bitstream -jobs 6
INFO: [IP_Flow 19-4993] Using cached IP synthesis design for IP design_1_processing_system7_0_0, cache-ID = 5b080fb30fa47f1a; cache size = 0.705 MB.
WARNING: [Vivado 12-4801] The synthesis checkpoint for IP 'N:/Lab10/Lab9/Lab9.srcs/sources_1/bd/design_1/ip/design_1_processing_system7_0_0/design_1_processing_system7_0_0.xci' is available but stale and the IP is locked. An out-of-context (OOC) run will be created and/or launched, but synthesis may not be able to complete or could result in incorrect behavior.
Please select 'Report IP Status' from the 'Tools/Report' menu or run Tcl command 'report_ip_status' for more information.
WARNING: [Project 1-478] Design 'synth_1' is stale and will not be used when launching 'impl_1'
[Mon Nov  4 16:39:42 2019] Launched synth_1...
Run output will be captured here: N:/Lab10/Lab9/Lab9.runs/synth_1/runme.log
[Mon Nov  4 16:39:42 2019] Launched impl_1...
Run output will be captured here: N:/Lab10/Lab9/Lab9.runs/impl_1/runme.log
launch_runs: Time (s): cpu = 00:00:01 ; elapsed = 00:00:05 . Memory (MB): peak = 1840.637 ; gain = 0.000
reset_run synth_1
reset_run design_1_processing_system7_0_0_synth_1
launch_runs impl_1 -to_step write_bitstream -jobs 6
INFO: [IP_Flow 19-4993] Using cached IP synthesis design for IP design_1_processing_system7_0_0, cache-ID = 5b080fb30fa47f1a; cache size = 0.705 MB.
config_ip_cache: Time (s): cpu = 00:00:01 ; elapsed = 00:00:06 . Memory (MB): peak = 2033.457 ; gain = 1.691
WARNING: [Vivado 12-4801] The synthesis checkpoint for IP 'N:/Lab10/Lab9/Lab9.srcs/sources_1/bd/design_1/ip/design_1_processing_system7_0_0/design_1_processing_system7_0_0.xci' is available but stale and the IP is locked. An out-of-context (OOC) run will be created and/or launched, but synthesis may not be able to complete or could result in incorrect behavior.
Please select 'Report IP Status' from the 'Tools/Report' menu or run Tcl command 'report_ip_status' for more information.
WARNING: [Project 1-478] Design 'synth_1' is stale and will not be used when launching 'impl_1'
[Mon Nov  4 16:42:32 2019] Launched design_1_processing_system7_0_0_synth_1, synth_1...
Run output will be captured here:
design_1_processing_system7_0_0_synth_1: N:/Lab10/Lab9/Lab9.runs/design_1_processing_system7_0_0_synth_1/runme.log
synth_1: N:/Lab10/Lab9/Lab9.runs/synth_1/runme.log
[Mon Nov  4 16:42:32 2019] Launched impl_1...
Run output will be captured here: N:/Lab10/Lab9/Lab9.runs/impl_1/runme.log
launch_runs: Time (s): cpu = 00:00:02 ; elapsed = 00:00:14 . Memory (MB): peak = 2033.457 ; gain = 1.691
reset_run synth_1
launch_runs impl_1 -to_step write_bitstream -jobs 6
INFO: [IP_Flow 19-4993] Using cached IP synthesis design for IP design_1_processing_system7_0_0, cache-ID = 5b080fb30fa47f1a; cache size = 0.705 MB.
WARNING: [Vivado 12-4801] The synthesis checkpoint for IP 'N:/Lab10/Lab9/Lab9.srcs/sources_1/bd/design_1/ip/design_1_processing_system7_0_0/design_1_processing_system7_0_0.xci' is available but stale and the IP is locked. An out-of-context (OOC) run will be created and/or launched, but synthesis may not be able to complete or could result in incorrect behavior.
Please select 'Report IP Status' from the 'Tools/Report' menu or run Tcl command 'report_ip_status' for more information.
WARNING: [Project 1-478] Design 'synth_1' is stale and will not be used when launching 'impl_1'
[Mon Nov  4 16:44:28 2019] Launched synth_1...
Run output will be captured here: N:/Lab10/Lab9/Lab9.runs/synth_1/runme.log
[Mon Nov  4 16:44:28 2019] Launched impl_1...
Run output will be captured here: N:/Lab10/Lab9/Lab9.runs/impl_1/runme.log
exit
INFO: [Common 17-206] Exiting Vivado at Mon Nov  4 16:59:05 2019...
